<?xml version="1.0" encoding="utf-8"?><testsuites><testsuite errors="0" failures="0" hostname="fv-az192" name="pytest" skipped="0" tests="78" time="1.656" timestamp="2020-02-25T20:16:23.407756"><testcase classname="zdevelop.tests.test_client.TestMockResponse" file="zdevelop/tests/test_client.py" line="90" name="test_default_status" time="0.001"></testcase><testcase classname="zdevelop.tests.test_client.TestMockResponse" file="zdevelop/tests/test_client.py" line="94" name="test_content_type_mimetyp" time="0.001"></testcase><testcase classname="zdevelop.tests.test_client.TestMockResponse" file="zdevelop/tests/test_client.py" line="98" name="test_mimetype_override[_text]" time="0.001"></testcase><testcase classname="zdevelop.tests.test_client.TestMockResponse" file="zdevelop/tests/test_client.py" line="98" name="test_mimetype_override[_json]" time="0.001"></testcase><testcase classname="zdevelop.tests.test_client.TestMockResponse" file="zdevelop/tests/test_client.py" line="98" name="test_mimetype_override[_yaml]" time="0.001"></testcase><testcase classname="zdevelop.tests.test_client.TestMockResponse" file="zdevelop/tests/test_client.py" line="98" name="test_mimetype_override[_bson]" time="0.001"></testcase><testcase classname="zdevelop.tests.test_client.TestMockResponse" file="zdevelop/tests/test_client.py" line="111" name="test_json" time="0.003"></testcase><testcase classname="zdevelop.tests.test_client.TestMockResponse" file="zdevelop/tests/test_client.py" line="121" name="test_text" time="0.001"></testcase><testcase classname="zdevelop.tests.test_client.TestStatusCodes" file="zdevelop/tests/test_client.py" line="132" name="test_status_code_pass" time="0.001"></testcase><testcase classname="zdevelop.tests.test_client.TestStatusCodes" file="zdevelop/tests/test_client.py" line="137" name="test_status_code_pass_non_default" time="0.001"></testcase><testcase classname="zdevelop.tests.test_client.TestStatusCodes" file="zdevelop/tests/test_client.py" line="142" name="test_status_code_pass_tuple" time="0.001"></testcase><testcase classname="zdevelop.tests.test_client.TestStatusCodes" file="zdevelop/tests/test_client.py" line="147" name="test_status_code_fail" time="0.001"></testcase><testcase classname="zdevelop.tests.test_client.TestStatusCodes" file="zdevelop/tests/test_client.py" line="157" name="test_status_code_fail_non_default" time="0.001"></testcase><testcase classname="zdevelop.tests.test_client.TestStatusCodes" file="zdevelop/tests/test_client.py" line="167" name="test_status_code_fail_tuple" time="0.001"></testcase><testcase classname="zdevelop.tests.test_client.TestDataLoad" file="zdevelop/tests/test_client.py" line="179" name="test_no_data_returned" time="0.001"></testcase><testcase classname="zdevelop.tests.test_client.TestDataLoad" file="zdevelop/tests/test_client.py" line="188" name="test_text" time="0.001"></testcase><testcase classname="zdevelop.tests.test_client.TestDataLoad" file="zdevelop/tests/test_client.py" line="197" name="test_json" time="0.002"></testcase><testcase classname="zdevelop.tests.test_client.TestDataLoad" file="zdevelop/tests/test_client.py" line="207" name="test_json_no_schema" time="0.002"></testcase><testcase classname="zdevelop.tests.test_client.TestDataLoad" file="zdevelop/tests/test_client.py" line="217" name="test_bson" time="0.002"></testcase><testcase classname="zdevelop.tests.test_client.TestDataLoad" file="zdevelop/tests/test_client.py" line="230" name="test_bson_no_schema" time="0.002"></testcase><testcase classname="zdevelop.tests.test_client.TestDataLoad" file="zdevelop/tests/test_client.py" line="243" name="test_unknown_no_content_type_header" time="0.001"></testcase><testcase classname="zdevelop.tests.test_client.TestDataLoad" file="zdevelop/tests/test_client.py" line="254" name="test_unknown_content" time="0.002"></testcase><testcase classname="zdevelop.tests.test_client.TestErrorHandling" file="zdevelop/tests/test_client.py" line="268" name="test_api_error[APIError]" time="0.002"></testcase><testcase classname="zdevelop.tests.test_client.TestErrorHandling" file="zdevelop/tests/test_client.py" line="268" name="test_api_error[InvalidMethodError]" time="0.001"></testcase><testcase classname="zdevelop.tests.test_client.TestErrorHandling" file="zdevelop/tests/test_client.py" line="268" name="test_api_error[RequestValidationError]" time="0.001"></testcase><testcase classname="zdevelop.tests.test_client.TestErrorHandling" file="zdevelop/tests/test_client.py" line="268" name="test_api_error[ResponseValidationError]" time="0.001"></testcase><testcase classname="zdevelop.tests.test_client.TestErrorHandling" file="zdevelop/tests/test_client.py" line="268" name="test_api_error[NothingToReturnError]" time="0.001"></testcase><testcase classname="zdevelop.tests.test_client.TestPaging" file="zdevelop/tests/test_client.py" line="301" name="test_handle_normal" time="0.004"><system-out>ResponseData(resp=MockResponse(status=200, headers={&apos;paging-next&apos;: &apos;/some/url&apos;, &apos;Content-Type&apos;: &apos;application/json&apos;}, _text=&apos;[{&quot;first&quot;:&quot;Harry&quot;,&quot;last&quot;:&quot;Potter&quot;},{&quot;first&quot;:&quot;Harry&quot;,&quot;last&quot;:&quot;Potter&quot;}]&apos;, _json=[{&apos;first&apos;: &apos;Harry&apos;, &apos;last&apos;: &apos;Potter&apos;}, {&apos;first&apos;: &apos;Harry&apos;, &apos;last&apos;: &apos;Potter&apos;}], _yaml=None, _bson=None, _content=b&apos;[{&quot;first&quot;:&quot;Harry&quot;,&quot;last&quot;:&quot;Potter&quot;},{&quot;first&quot;:&quot;Harry&quot;,&quot;last&quot;:&quot;Potter&quot;}]&apos;, _exception=None, _content_type=None, content_type=&apos;application/json&apos;), loaded=Name(first=&apos;Harry&apos;, last=&apos;Potter&apos;), decoded={&apos;first&apos;: &apos;Harry&apos;, &apos;last&apos;: &apos;Potter&apos;})
ResponseData(resp=MockResponse(status=200, headers={&apos;paging-next&apos;: &apos;/some/url&apos;, &apos;Content-Type&apos;: &apos;application/json&apos;}, _text=&apos;[{&quot;first&quot;:&quot;Harry&quot;,&quot;last&quot;:&quot;Potter&quot;},{&quot;first&quot;:&quot;Harry&quot;,&quot;last&quot;:&quot;Potter&quot;}]&apos;, _json=[{&apos;first&apos;: &apos;Harry&apos;, &apos;last&apos;: &apos;Potter&apos;}, {&apos;first&apos;: &apos;Harry&apos;, &apos;last&apos;: &apos;Potter&apos;}], _yaml=None, _bson=None, _content=b&apos;[{&quot;first&quot;:&quot;Harry&quot;,&quot;last&quot;:&quot;Potter&quot;},{&quot;first&quot;:&quot;Harry&quot;,&quot;last&quot;:&quot;Potter&quot;}]&apos;, _exception=None, _content_type=None, content_type=&apos;application/json&apos;), loaded=Name(first=&apos;Harry&apos;, last=&apos;Potter&apos;), decoded={&apos;first&apos;: &apos;Harry&apos;, &apos;last&apos;: &apos;Potter&apos;})
ResponseData(resp=MockResponse(status=200, headers={&apos;paging-next&apos;: &apos;/some/url&apos;, &apos;Content-Type&apos;: &apos;application/json&apos;}, _text=&apos;[{&quot;first&quot;:&quot;Harry&quot;,&quot;last&quot;:&quot;Potter&quot;},{&quot;first&quot;:&quot;Harry&quot;,&quot;last&quot;:&quot;Potter&quot;}]&apos;, _json=[{&apos;first&apos;: &apos;Harry&apos;, &apos;last&apos;: &apos;Potter&apos;}, {&apos;first&apos;: &apos;Harry&apos;, &apos;last&apos;: &apos;Potter&apos;}], _yaml=None, _bson=None, _content=b&apos;[{&quot;first&quot;:&quot;Harry&quot;,&quot;last&quot;:&quot;Potter&quot;},{&quot;first&quot;:&quot;Harry&quot;,&quot;last&quot;:&quot;Potter&quot;}]&apos;, _exception=None, _content_type=None, content_type=&apos;application/json&apos;), loaded=Name(first=&apos;Harry&apos;, last=&apos;Potter&apos;), decoded={&apos;first&apos;: &apos;Harry&apos;, &apos;last&apos;: &apos;Potter&apos;})
ResponseData(resp=MockResponse(status=200, headers={&apos;paging-next&apos;: &apos;/some/url&apos;, &apos;Content-Type&apos;: &apos;application/json&apos;}, _text=&apos;[{&quot;first&quot;:&quot;Harry&quot;,&quot;last&quot;:&quot;Potter&quot;},{&quot;first&quot;:&quot;Harry&quot;,&quot;last&quot;:&quot;Potter&quot;}]&apos;, _json=[{&apos;first&apos;: &apos;Harry&apos;, &apos;last&apos;: &apos;Potter&apos;}, {&apos;first&apos;: &apos;Harry&apos;, &apos;last&apos;: &apos;Potter&apos;}], _yaml=None, _bson=None, _content=b&apos;[{&quot;first&quot;:&quot;Harry&quot;,&quot;last&quot;:&quot;Potter&quot;},{&quot;first&quot;:&quot;Harry&quot;,&quot;last&quot;:&quot;Potter&quot;}]&apos;, _exception=None, _content_type=None, content_type=&apos;application/json&apos;), loaded=Name(first=&apos;Harry&apos;, last=&apos;Potter&apos;), decoded={&apos;first&apos;: &apos;Harry&apos;, &apos;last&apos;: &apos;Potter&apos;})
ResponseData(resp=MockResponse(status=200, headers={&apos;paging-next&apos;: None, &apos;Content-Type&apos;: &apos;application/json&apos;}, _text=&apos;[{&quot;first&quot;:&quot;Harry&quot;,&quot;last&quot;:&quot;Potter&quot;},{&quot;first&quot;:&quot;Harry&quot;,&quot;last&quot;:&quot;Potter&quot;}]&apos;, _json=[{&apos;first&apos;: &apos;Harry&apos;, &apos;last&apos;: &apos;Potter&apos;}, {&apos;first&apos;: &apos;Harry&apos;, &apos;last&apos;: &apos;Potter&apos;}], _yaml=None, _bson=None, _content=b&apos;[{&quot;first&quot;:&quot;Harry&quot;,&quot;last&quot;:&quot;Potter&quot;},{&quot;first&quot;:&quot;Harry&quot;,&quot;last&quot;:&quot;Potter&quot;}]&apos;, _exception=None, _content_type=None, content_type=&apos;application/json&apos;), loaded=Name(first=&apos;Harry&apos;, last=&apos;Potter&apos;), decoded={&apos;first&apos;: &apos;Harry&apos;, &apos;last&apos;: &apos;Potter&apos;})
ResponseData(resp=MockResponse(status=200, headers={&apos;paging-next&apos;: None, &apos;Content-Type&apos;: &apos;application/json&apos;}, _text=&apos;[{&quot;first&quot;:&quot;Harry&quot;,&quot;last&quot;:&quot;Potter&quot;},{&quot;first&quot;:&quot;Harry&quot;,&quot;last&quot;:&quot;Potter&quot;}]&apos;, _json=[{&apos;first&apos;: &apos;Harry&apos;, &apos;last&apos;: &apos;Potter&apos;}, {&apos;first&apos;: &apos;Harry&apos;, &apos;last&apos;: &apos;Potter&apos;}], _yaml=None, _bson=None, _content=b&apos;[{&quot;first&quot;:&quot;Harry&quot;,&quot;last&quot;:&quot;Potter&quot;},{&quot;first&quot;:&quot;Harry&quot;,&quot;last&quot;:&quot;Potter&quot;}]&apos;, _exception=None, _content_type=None, content_type=&apos;application/json&apos;), loaded=Name(first=&apos;Harry&apos;, last=&apos;Potter&apos;), decoded={&apos;first&apos;: &apos;Harry&apos;, &apos;last&apos;: &apos;Potter&apos;})
</system-out></testcase><testcase classname="zdevelop.tests.test_client.TestPaging" file="zdevelop/tests/test_client.py" line="341" name="test_handle_nothing_to_return" time="0.002"><system-out>ResponseData(resp=MockResponse(status=200, headers={&apos;paging-next&apos;: &apos;/some/url&apos;, &apos;Content-Type&apos;: &apos;application/json&apos;}, _text=&apos;[{&quot;first&quot;:&quot;Harry&quot;,&quot;last&quot;:&quot;Potter&quot;},{&quot;first&quot;:&quot;Harry&quot;,&quot;last&quot;:&quot;Potter&quot;}]&apos;, _json=[{&apos;first&apos;: &apos;Harry&apos;, &apos;last&apos;: &apos;Potter&apos;}, {&apos;first&apos;: &apos;Harry&apos;, &apos;last&apos;: &apos;Potter&apos;}], _yaml=None, _bson=None, _content=b&apos;[{&quot;first&quot;:&quot;Harry&quot;,&quot;last&quot;:&quot;Potter&quot;},{&quot;first&quot;:&quot;Harry&quot;,&quot;last&quot;:&quot;Potter&quot;}]&apos;, _exception=None, _content_type=None, content_type=&apos;application/json&apos;), loaded=Name(first=&apos;Harry&apos;, last=&apos;Potter&apos;), decoded={&apos;first&apos;: &apos;Harry&apos;, &apos;last&apos;: &apos;Potter&apos;})
ResponseData(resp=MockResponse(status=200, headers={&apos;paging-next&apos;: &apos;/some/url&apos;, &apos;Content-Type&apos;: &apos;application/json&apos;}, _text=&apos;[{&quot;first&quot;:&quot;Harry&quot;,&quot;last&quot;:&quot;Potter&quot;},{&quot;first&quot;:&quot;Harry&quot;,&quot;last&quot;:&quot;Potter&quot;}]&apos;, _json=[{&apos;first&apos;: &apos;Harry&apos;, &apos;last&apos;: &apos;Potter&apos;}, {&apos;first&apos;: &apos;Harry&apos;, &apos;last&apos;: &apos;Potter&apos;}], _yaml=None, _bson=None, _content=b&apos;[{&quot;first&quot;:&quot;Harry&quot;,&quot;last&quot;:&quot;Potter&quot;},{&quot;first&quot;:&quot;Harry&quot;,&quot;last&quot;:&quot;Potter&quot;}]&apos;, _exception=None, _content_type=None, content_type=&apos;application/json&apos;), loaded=Name(first=&apos;Harry&apos;, last=&apos;Potter&apos;), decoded={&apos;first&apos;: &apos;Harry&apos;, &apos;last&apos;: &apos;Potter&apos;})
ResponseData(resp=MockResponse(status=200, headers={&apos;paging-next&apos;: &apos;/some/url&apos;, &apos;Content-Type&apos;: &apos;application/json&apos;}, _text=&apos;[{&quot;first&quot;:&quot;Harry&quot;,&quot;last&quot;:&quot;Potter&quot;},{&quot;first&quot;:&quot;Harry&quot;,&quot;last&quot;:&quot;Potter&quot;}]&apos;, _json=[{&apos;first&apos;: &apos;Harry&apos;, &apos;last&apos;: &apos;Potter&apos;}, {&apos;first&apos;: &apos;Harry&apos;, &apos;last&apos;: &apos;Potter&apos;}], _yaml=None, _bson=None, _content=b&apos;[{&quot;first&quot;:&quot;Harry&quot;,&quot;last&quot;:&quot;Potter&quot;},{&quot;first&quot;:&quot;Harry&quot;,&quot;last&quot;:&quot;Potter&quot;}]&apos;, _exception=None, _content_type=None, content_type=&apos;application/json&apos;), loaded=Name(first=&apos;Harry&apos;, last=&apos;Potter&apos;), decoded={&apos;first&apos;: &apos;Harry&apos;, &apos;last&apos;: &apos;Potter&apos;})
ResponseData(resp=MockResponse(status=200, headers={&apos;paging-next&apos;: &apos;/some/url&apos;, &apos;Content-Type&apos;: &apos;application/json&apos;}, _text=&apos;[{&quot;first&quot;:&quot;Harry&quot;,&quot;last&quot;:&quot;Potter&quot;},{&quot;first&quot;:&quot;Harry&quot;,&quot;last&quot;:&quot;Potter&quot;}]&apos;, _json=[{&apos;first&apos;: &apos;Harry&apos;, &apos;last&apos;: &apos;Potter&apos;}, {&apos;first&apos;: &apos;Harry&apos;, &apos;last&apos;: &apos;Potter&apos;}], _yaml=None, _bson=None, _content=b&apos;[{&quot;first&quot;:&quot;Harry&quot;,&quot;last&quot;:&quot;Potter&quot;},{&quot;first&quot;:&quot;Harry&quot;,&quot;last&quot;:&quot;Potter&quot;}]&apos;, _exception=None, _content_type=None, content_type=&apos;application/json&apos;), loaded=Name(first=&apos;Harry&apos;, last=&apos;Potter&apos;), decoded={&apos;first&apos;: &apos;Harry&apos;, &apos;last&apos;: &apos;Potter&apos;})
ResponseData(resp=MockResponse(status=200, headers={&apos;paging-next&apos;: &apos;/some/url&apos;, &apos;Content-Type&apos;: &apos;application/json&apos;}, _text=&apos;[{&quot;first&quot;:&quot;Harry&quot;,&quot;last&quot;:&quot;Potter&quot;},{&quot;first&quot;:&quot;Harry&quot;,&quot;last&quot;:&quot;Potter&quot;}]&apos;, _json=[{&apos;first&apos;: &apos;Harry&apos;, &apos;last&apos;: &apos;Potter&apos;}, {&apos;first&apos;: &apos;Harry&apos;, &apos;last&apos;: &apos;Potter&apos;}], _yaml=None, _bson=None, _content=b&apos;[{&quot;first&quot;:&quot;Harry&quot;,&quot;last&quot;:&quot;Potter&quot;},{&quot;first&quot;:&quot;Harry&quot;,&quot;last&quot;:&quot;Potter&quot;}]&apos;, _exception=None, _content_type=None, content_type=&apos;application/json&apos;), loaded=Name(first=&apos;Harry&apos;, last=&apos;Potter&apos;), decoded={&apos;first&apos;: &apos;Harry&apos;, &apos;last&apos;: &apos;Potter&apos;})
ResponseData(resp=MockResponse(status=200, headers={&apos;paging-next&apos;: &apos;/some/url&apos;, &apos;Content-Type&apos;: &apos;application/json&apos;}, _text=&apos;[{&quot;first&quot;:&quot;Harry&quot;,&quot;last&quot;:&quot;Potter&quot;},{&quot;first&quot;:&quot;Harry&quot;,&quot;last&quot;:&quot;Potter&quot;}]&apos;, _json=[{&apos;first&apos;: &apos;Harry&apos;, &apos;last&apos;: &apos;Potter&apos;}, {&apos;first&apos;: &apos;Harry&apos;, &apos;last&apos;: &apos;Potter&apos;}], _yaml=None, _bson=None, _content=b&apos;[{&quot;first&quot;:&quot;Harry&quot;,&quot;last&quot;:&quot;Potter&quot;},{&quot;first&quot;:&quot;Harry&quot;,&quot;last&quot;:&quot;Potter&quot;}]&apos;, _exception=None, _content_type=None, content_type=&apos;application/json&apos;), loaded=Name(first=&apos;Harry&apos;, last=&apos;Potter&apos;), decoded={&apos;first&apos;: &apos;Harry&apos;, &apos;last&apos;: &apos;Potter&apos;})
</system-out></testcase><testcase classname="zdevelop.tests.test_client.TestClientInit" file="zdevelop/tests/test_client.py" line="404" name="test_default_host" time="0.001"></testcase><testcase classname="zdevelop.tests.test_client.TestClientInit" file="zdevelop/tests/test_client.py" line="411" name="test_no_host_raises" time="0.001"></testcase><testcase classname="zdevelop.tests.test_client.TestClientInit" file="zdevelop/tests/test_client.py" line="418" name="test_default_port" time="0.001"></testcase><testcase classname="zdevelop.tests.test_client.TestSpanClient" file="zdevelop/tests/test_client.py" line="429" name="test_context_spawn_session" time="0.001"></testcase><testcase classname="zdevelop.tests.test_client.TestSpanClient" file="zdevelop/tests/test_client.py" line="440" name="test_prop_spawn_session" time="0.002"></testcase><testcase classname="zdevelop.tests.test_client.TestSpanClient" file="zdevelop/tests/test_client.py" line="456" name="test_basic_client" time="0.002"></testcase><testcase classname="zdevelop.tests.test_client.TestSpanClient" file="zdevelop/tests/test_client.py" line="480" name="test_basic_client_endpoint_setting_alter" time="0.002"><system-out>test
test
</system-out></testcase><testcase classname="zdevelop.tests.test_client.TestSpanClient" file="zdevelop/tests/test_client.py" line="499" name="test_basic_client_double_response" time="0.002"></testcase><testcase classname="zdevelop.tests.test_client.TestSpanClient" file="zdevelop/tests/test_client.py" line="524" name="test_basic_client_double_validate" time="0.002"></testcase><testcase classname="zdevelop.tests.test_client.TestSpanClient" file="zdevelop/tests/test_client.py" line="556" name="test_basic_client_double_response_bad_status" time="0.002"></testcase><testcase classname="zdevelop.tests.test_client.TestSpanClient" file="zdevelop/tests/test_client.py" line="580" name="test_basic_client_double_validate_fail_second" time="0.002"></testcase><testcase classname="zdevelop.tests.test_client.TestSpanClient" file="zdevelop/tests/test_client.py" line="613" name="test_req_validation_client" time="0.002"></testcase><testcase classname="zdevelop.tests.test_client.TestSpanClient" file="zdevelop/tests/test_client.py" line="654" name="test_result_no_data" time="0.002"></testcase><testcase classname="zdevelop.tests.test_client.TestSpanClient" file="zdevelop/tests/test_client.py" line="673" name="test_result_returned" time="0.001"></testcase><testcase classname="zdevelop.tests.test_client.TestSpanClient" file="zdevelop/tests/test_client.py" line="693" name="test_update_object" time="0.003"></testcase><testcase classname="zdevelop.tests.test_client.TestSpanClient" file="zdevelop/tests/test_client.py" line="724" name="test_update_object_custom" time="0.002"></testcase><testcase classname="zdevelop.tests.test_client.TestSpanClient" file="zdevelop/tests/test_client.py" line="761" name="test_send_implicit_text" time="0.001"></testcase><testcase classname="zdevelop.tests.test_client.TestSpanClient" file="zdevelop/tests/test_client.py" line="780" name="test_send_unknown_mimetype" time="0.002"></testcase><testcase classname="zdevelop.tests.test_client.TestSpanClient" file="zdevelop/tests/test_client.py" line="800" name="test_send_unknown_mimetype_error" time="0.002"></testcase><testcase classname="zdevelop.tests.test_client.TestSpanClient" file="zdevelop/tests/test_client.py" line="820" name="test_yaml_round_trip_schema" time="0.004"></testcase><testcase classname="zdevelop.tests.test_client.TestSpanClient" file="zdevelop/tests/test_client.py" line="849" name="test_bson_round_trip_schema" time="0.002"></testcase><testcase classname="zdevelop.tests.test_client.TestSpanClient" file="zdevelop/tests/test_client.py" line="878" name="test_bson_list_round_trip_schema" time="0.003"></testcase><testcase classname="zdevelop.tests.test_client.TestSpanClient" file="zdevelop/tests/test_client.py" line="914" name="test_sniff_return_content" time="0.003"></testcase><testcase classname="zdevelop.tests.test_client.TestSpanClient" file="zdevelop/tests/test_client.py" line="933" name="test_accept_mimetype" time="0.002"></testcase><testcase classname="zdevelop.tests.test_client.TestSpanClient" file="zdevelop/tests/test_client.py" line="951" name="test_paged" time="0.002"><system-out>Name(first=&apos;Harry&apos;, last=&apos;Potter&apos;)
Name(first=&apos;Ron&apos;, last=&apos;Weasley&apos;)
Name(first=&apos;Hermione&apos;, last=&apos;Granger&apos;)
Name(first=&apos;Draco&apos;, last=&apos;Malfoy&apos;)
</system-out></testcase><testcase classname="zdevelop.tests.test_client.TestSpanClient" file="zdevelop/tests/test_client.py" line="1014" name="test_paged_single_bson" time="0.002"><system-out>Name(first=&apos;Harry&apos;, last=&apos;Potter&apos;)
</system-out></testcase><testcase classname="zdevelop.tests.test_client.TestSpanClient" file="zdevelop/tests/test_client.py" line="1054" name="test_paged_limit_override" time="0.002"><system-out>Name(first=&apos;Harry&apos;, last=&apos;Potter&apos;)
Name(first=&apos;Ron&apos;, last=&apos;Weasley&apos;)
Name(first=&apos;Hermione&apos;, last=&apos;Granger&apos;)
Name(first=&apos;Draco&apos;, last=&apos;Malfoy&apos;)
</system-out></testcase><testcase classname="zdevelop.tests.test_client.TestSpanClient" file="zdevelop/tests/test_client.py" line="1117" name="test_paged_offset_override" time="0.002"><system-out>Name(first=&apos;Harry&apos;, last=&apos;Potter&apos;)
Name(first=&apos;Ron&apos;, last=&apos;Weasley&apos;)
Name(first=&apos;Hermione&apos;, last=&apos;Granger&apos;)
Name(first=&apos;Draco&apos;, last=&apos;Malfoy&apos;)
</system-out></testcase><testcase classname="zdevelop.tests.test_client.TestSpanClient" file="zdevelop/tests/test_client.py" line="1181" name="test_paged_manual" time="0.002"></testcase><testcase classname="zdevelop.tests.test_client.TestSpanClient" file="zdevelop/tests/test_client.py" line="1256" name="test_paged_empty_body" time="0.002"></testcase><testcase classname="zdevelop.tests.test_client.TestSpanClient" file="zdevelop/tests/test_client.py" line="1296" name="test_custom_hook_manipulate_resp" time="0.002"></testcase><testcase classname="zdevelop.tests.test_client.TestSpanClient" file="zdevelop/tests/test_client.py" line="1319" name="test_mock_req_validate_data_type_w_schema" time="0.003"><system-out>Name(first=&apos;Harry&apos;, last=&apos;Potter&apos;)
</system-out></testcase><testcase classname="zdevelop.tests.test_client.TestSpanClient" file="zdevelop/tests/test_client.py" line="1356" name="test_custom_port_url" time="0.002"></testcase><testcase classname="zdevelop.tests.test_client.TestSpanClient" file="zdevelop/tests/test_client.py" line="1371" name="test_custom_default_port_url" time="0.001"></testcase><testcase classname="zdevelop.tests.test_client.TestSpanClient" file="zdevelop/tests/test_client.py" line="1388" name="test_projection" time="0.001"></testcase><testcase classname="zdevelop.tests.test_client.TestSpanClient" file="zdevelop/tests/test_client.py" line="1408" name="test_projection_from_user" time="0.002"></testcase><testcase classname="zdevelop.tests.test_client.TestSpanClient" file="zdevelop/tests/test_client.py" line="1430" name="test_projection_validation_error" time="0.002"></testcase><testcase classname="zdevelop.tests.test_client.TestClientReqValidationErrors" file="zdevelop/tests/test_client.py" line="1454" name="test_url_mismatch" time="0.002"></testcase><testcase classname="zdevelop.tests.test_client.TestClientReqValidationErrors" file="zdevelop/tests/test_client.py" line="1471" name="test_params_key_missing" time="0.002"></testcase><testcase classname="zdevelop.tests.test_client.TestClientReqValidationErrors" file="zdevelop/tests/test_client.py" line="1490" name="test_params_value_wrong" time="0.004"></testcase><testcase classname="zdevelop.tests.test_client.TestClientReqValidationErrors" file="zdevelop/tests/test_client.py" line="1509" name="test_headers_key_missing" time="0.005"></testcase><testcase classname="zdevelop.tests.test_client.TestClientReqValidationErrors" file="zdevelop/tests/test_client.py" line="1528" name="test_headers_value_wrong" time="0.002"></testcase><testcase classname="zdevelop.tests.test_client.TestClientReqValidationErrors" file="zdevelop/tests/test_client.py" line="1566" name="test_media_value_wrong" time="0.002"></testcase><testcase classname="zdevelop.tests.test_client.TestClientReqValidationErrors" file="zdevelop/tests/test_client.py" line="1585" name="test_media_custom_validation_failure" time="0.003"></testcase><testcase classname="zdevelop.tests.test_client.TestClientReqValidationErrors" file="zdevelop/tests/test_client.py" line="1604" name="test_media_type_validation_error" time="0.003"></testcase><testcase classname="zdevelop.tests.test_client.TestClientReqValidationErrors" file="zdevelop/tests/test_client.py" line="1623" name="test_mock_config_pass" time="0.002"></testcase><testcase classname="zdevelop.tests.test_client.TestClientReqValidationErrors" file="zdevelop/tests/test_client.py" line="1641" name="test_mock_config_pass_validator" time="0.002"></testcase><testcase classname="zdevelop.tests.test_client.TestClientReqValidationErrors" file="zdevelop/tests/test_client.py" line="1675" name="test_mock_config_multiple" time="0.002"><system-out>MockResponse(status=200, headers={}, _text=None, _json=None, _yaml=None, _bson=None, _content=None, _exception=None, _content_type=None, content_type=None)
MockResponse(status=201, headers={}, _text=None, _json=None, _yaml=None, _bson=None, _content=None, _exception=None, _content_type=None, content_type=None)
</system-out></testcase><testcase classname="zdevelop.tests.test_client.TestClientReqValidationErrors" file="zdevelop/tests/test_client.py" line="1711" name="test_custom_handler" time="0.002"></testcase></testsuite></testsuites>